<?xml version="1.0" encoding="UTF-8"?>
<testng-results skipped="0" failed="1" ignored="0" total="4" passed="3">
  <reporter-output>
  </reporter-output>
  <suite name="Default suite" duration-ms="93703" started-at="2017-06-04T13:25:43Z" finished-at="2017-06-04T13:27:17Z">
    <groups>
    </groups>
    <test name="Default test" duration-ms="93703" started-at="2017-06-04T13:25:43Z" finished-at="2017-06-04T13:27:17Z">
      <class name="cn.DataDemo.ExcelDataDemo">
        <test-method status="PASS" signature="beforeClass()[pri:0, instance:cn.DataDemo.ExcelDataDemo@343f4d3d]" name="beforeClass" is-config="true" duration-ms="12043" started-at="2017-06-04T21:25:43Z" finished-at="2017-06-04T21:25:55Z">
          <reporter-output>
          </reporter-output>
        </test-method> <!-- beforeClass -->
        <test-method status="PASS" signature="ExcelDemo(java.lang.String, java.lang.String, java.lang.String)[pri:0, instance:cn.DataDemo.ExcelDataDemo@343f4d3d]" name="ExcelDemo" duration-ms="19005" started-at="2017-06-04T21:26:00Z" data-provider="searchWords" finished-at="2017-06-04T21:26:19Z">
          <params>
            <param index="0">
              <value>
                <![CDATA[功夫]]>
              </value>
            </param>
            <param index="1">
              <value>
                <![CDATA[主演]]>
              </value>
            </param>
            <param index="2">
              <value>
                <![CDATA[周星驰]]>
              </value>
            </param>
          </params>
          <reporter-output>
          </reporter-output>
        </test-method> <!-- ExcelDemo -->
        <test-method status="PASS" signature="ExcelDemo(java.lang.String, java.lang.String, java.lang.String)[pri:0, instance:cn.DataDemo.ExcelDataDemo@343f4d3d]" name="ExcelDemo" duration-ms="16061" started-at="2017-06-04T21:26:19Z" data-provider="searchWords" finished-at="2017-06-04T21:26:35Z">
          <params>
            <param index="0">
              <value>
                <![CDATA[超人]]>
              </value>
            </param>
            <param index="1">
              <value>
                <![CDATA[主演]]>
              </value>
            </param>
            <param index="2">
              <value>
                <![CDATA[克里斯托弗]]>
              </value>
            </param>
          </params>
          <reporter-output>
          </reporter-output>
        </test-method> <!-- ExcelDemo -->
        <test-method status="PASS" signature="ExcelDemo(java.lang.String, java.lang.String, java.lang.String)[pri:0, instance:cn.DataDemo.ExcelDataDemo@343f4d3d]" name="ExcelDemo" duration-ms="21649" started-at="2017-06-04T21:26:35Z" data-provider="searchWords" finished-at="2017-06-04T21:26:57Z">
          <params>
            <param index="0">
              <value>
                <![CDATA[蝙蝠侠1]]>
              </value>
            </param>
            <param index="1">
              <value>
                <![CDATA[女主角]]>
              </value>
            </param>
            <param index="2">
              <value>
                <![CDATA[克尔斯滕]]>
              </value>
            </param>
          </params>
          <reporter-output>
          </reporter-output>
        </test-method> <!-- ExcelDemo -->
        <test-method status="FAIL" signature="ExcelDemo(java.lang.String, java.lang.String, java.lang.String)[pri:0, instance:cn.DataDemo.ExcelDataDemo@343f4d3d]" name="ExcelDemo" duration-ms="17745" started-at="2017-06-04T21:26:57Z" data-provider="searchWords" finished-at="2017-06-04T21:27:14Z">
          <params>
            <param index="0">
              <value>
                <![CDATA[光荣之路]]>
              </value>
            </param>
            <param index="1">
              <value>
                <![CDATA[上映时间]]>
              </value>
            </param>
            <param index="2">
              <value>
                <![CDATA[2006/1/13]]>
              </value>
            </param>
          </params>
          <exception class="java.lang.AssertionError">
            <message>
              <![CDATA[expected [true] but found [false]]]>
            </message>
            <full-stacktrace>
              <![CDATA[java.lang.AssertionError: expected [true] but found [false]
	at org.testng.Assert.fail(Assert.java:93)
	at org.testng.Assert.failNotEquals(Assert.java:512)
	at org.testng.Assert.assertTrue(Assert.java:41)
	at org.testng.Assert.assertTrue(Assert.java:51)
	at cn.DataDemo.ExcelDataDemo.ExcelDemo(ExcelDataDemo.java:41)
	at sun.reflect.NativeMethodAccessorImpl.invoke0(Native Method)
	at sun.reflect.NativeMethodAccessorImpl.invoke(Unknown Source)
	at sun.reflect.DelegatingMethodAccessorImpl.invoke(Unknown Source)
	at java.lang.reflect.Method.invoke(Unknown Source)
	at org.testng.internal.MethodInvocationHelper.invokeMethod(MethodInvocationHelper.java:108)
	at org.testng.internal.Invoker.invokeMethod(Invoker.java:661)
	at org.testng.internal.Invoker.invokeTestMethod(Invoker.java:869)
	at org.testng.internal.Invoker.invokeTestMethods(Invoker.java:1193)
	at org.testng.internal.TestMethodWorker.invokeTestMethods(TestMethodWorker.java:126)
	at org.testng.internal.TestMethodWorker.run(TestMethodWorker.java:109)
	at org.testng.TestRunner.privateRun(TestRunner.java:744)
	at org.testng.TestRunner.run(TestRunner.java:602)
	at org.testng.SuiteRunner.runTest(SuiteRunner.java:380)
	at org.testng.SuiteRunner.runSequentially(SuiteRunner.java:375)
	at org.testng.SuiteRunner.privateRun(SuiteRunner.java:340)
	at org.testng.SuiteRunner.run(SuiteRunner.java:289)
	at org.testng.SuiteRunnerWorker.runSuite(SuiteRunnerWorker.java:52)
	at org.testng.SuiteRunnerWorker.run(SuiteRunnerWorker.java:86)
	at org.testng.TestNG.runSuitesSequentially(TestNG.java:1301)
	at org.testng.TestNG.runSuitesLocally(TestNG.java:1226)
	at org.testng.TestNG.runSuites(TestNG.java:1144)
	at org.testng.TestNG.run(TestNG.java:1115)
	at org.testng.remote.AbstractRemoteTestNG.run(AbstractRemoteTestNG.java:132)
	at org.testng.remote.RemoteTestNG.initAndRun(RemoteTestNG.java:230)
	at org.testng.remote.RemoteTestNG.main(RemoteTestNG.java:76)
]]>
            </full-stacktrace>
          </exception> <!-- java.lang.AssertionError -->
          <reporter-output>
          </reporter-output>
        </test-method> <!-- ExcelDemo -->
        <test-method status="PASS" signature="afterClass()[pri:0, instance:cn.DataDemo.ExcelDataDemo@343f4d3d]" name="afterClass" is-config="true" duration-ms="2412" started-at="2017-06-04T21:27:14Z" finished-at="2017-06-04T21:27:17Z">
          <reporter-output>
          </reporter-output>
        </test-method> <!-- afterClass -->
      </class> <!-- cn.DataDemo.ExcelDataDemo -->
    </test> <!-- Default test -->
  </suite> <!-- Default suite -->
</testng-results>
